Running: D:\Xilinx\14.7\ISE_DS\ISE\bin\nt64\unwrapped\fuse.exe -intstyle ise -incremental -lib unisims_ver -lib unimacro_ver -lib xilinxcorelib_ver -lib secureip -o D:/VHDLfile/P6CPU/mips_txt_isim_beh.exe -prj D:/VHDLfile/P6CPU/mips_txt_beh.prj work.mips_txt work.glbl 
ISim P.20131013 (signature 0x7708f090)
Number of CPUs detected in this system: 16
Turning on mult-threading, number of parallel sub-compilation jobs: 32 
Determining compilation order of HDL files
Analyzing Verilog file "D:/VHDLfile/P6CPU/MDC.v" into library work
Analyzing Verilog file "D:/VHDLfile/P6CPU/splitter.v" into library work
Analyzing Verilog file "D:/VHDLfile/P6CPU/PC.v" into library work
Analyzing Verilog file "D:/VHDLfile/P6CPU/Nadder.v" into library work
Analyzing Verilog file "D:/VHDLfile/P6CPU/mux.v" into library work
Analyzing Verilog file "D:/VHDLfile/P6CPU/MDM.v" into library work
Analyzing Verilog file "D:/VHDLfile/P6CPU/GRF.v" into library work
Analyzing Verilog file "D:/VHDLfile/P6CPU/EXT.v" into library work
Analyzing Verilog file "D:/VHDLfile/P6CPU/DMfdata2mdata.v" into library work
Analyzing Verilog file "D:/VHDLfile/P6CPU/DMEXT.v" into library work
Analyzing Verilog file "D:/VHDLfile/P6CPU/comparator.v" into library work
Analyzing Verilog file "D:/VHDLfile/P6CPU/byteen_generator.v" into library work
Analyzing Verilog file "D:/VHDLfile/P6CPU/ALU.v" into library work
Analyzing Verilog file "D:/VHDLfile/P6CPU/adder.v" into library work
Analyzing Verilog file "D:/VHDLfile/P6CPU/WB.v" into library work
Analyzing Verilog file "D:/VHDLfile/P6CPU/stall_flush_signal_generator.v" into library work
Analyzing Verilog file "D:/VHDLfile/P6CPU/signal_generator.v" into library work
Analyzing Verilog file "D:/VHDLfile/P6CPU/MEM_WBReg.v" into library work
Analyzing Verilog file "D:/VHDLfile/P6CPU/MEM.v" into library work
Analyzing Verilog file "D:/VHDLfile/P6CPU/instr_judge.v" into library work
Analyzing Verilog file "D:/VHDLfile/P6CPU/IF_IDReg.v" into library work
Analyzing Verilog file "D:/VHDLfile/P6CPU/IF.v" into library work
Analyzing Verilog file "D:/VHDLfile/P6CPU/ID_EXReg.v" into library work
Analyzing Verilog file "D:/VHDLfile/P6CPU/ID.v" into library work
Analyzing Verilog file "D:/VHDLfile/P6CPU/forward_signal_generator.v" into library work
Analyzing Verilog file "D:/VHDLfile/P6CPU/EX_MEMReg.v" into library work
Analyzing Verilog file "D:/VHDLfile/P6CPU/EX.v" into library work
Analyzing Verilog file "D:/VHDLfile/P6CPU/AT_decoder.v" into library work
Analyzing Verilog file "D:/VHDLfile/P6CPU/hazard_solver.v" into library work
Analyzing Verilog file "D:/VHDLfile/P6CPU/datapath.v" into library work
Analyzing Verilog file "D:/VHDLfile/P6CPU/controller.v" into library work
Analyzing Verilog file "D:/VHDLfile/P6CPU/mips.v" into library work
Analyzing Verilog file "D:/VHDLfile/P6CPU/mips_tb.v" into library work
Analyzing Verilog file "D:/Xilinx/14.7/ISE_DS/ISE//verilog/src/glbl.v" into library work
Starting static elaboration
Completed static elaboration
Compiling module PC
Compiling module adder
Compiling module nPCmux
Compiling module IF
Compiling module IF_IDReg
Compiling module GRF
Compiling module EXT
Compiling module CMPAformux
Compiling module CMPBformux
Compiling module Raformux
Compiling module Nadder
Compiling module splitter
Compiling module comparator
Compiling module ID
Compiling module ID_EXReg
Compiling module ALU
Compiling module ALUAformux
Compiling module ALUBformux
Compiling module ALUBmux
Compiling module MDC
Compiling module MDM
Compiling module EX
Compiling module EX_MEMReg
Compiling module DM_WDformux
Compiling module DMEXT
Compiling module byteen_generator
Compiling module DMfdata2mdata
Compiling module MEM
Compiling module MEM_WBReg
Compiling module WDmux
Compiling module WB
Compiling module datapath
Compiling module instr_judge
Compiling module signal_generator
Compiling module controller
Compiling module AT_decoder
Compiling module forward_signal_generator
Compiling module stall_flush_signal_generator
Compiling module hazard_solver
Compiling module mips
Compiling module mips_txt
Compiling module glbl
Time Resolution for simulation is 1ps.
Waiting for 9 sub-compilation(s) to finish...
Compiled 42 Verilog Units
Built simulation executable D:/VHDLfile/P6CPU/mips_txt_isim_beh.exe
Fuse Memory Usage: 31772 KB
Fuse CPU Usage: 953 ms
