ISim log file
Running: D:\VHDLfile\P6CPU\mips_txt_isim_beh.exe -intstyle ise -gui -tclbatch isim.cmd -wdb D:/VHDLfile/P6CPU/mips_txt_isim_beh.wdb 
ISim P.20131013 (signature 0x7708f090)
This is a Full version of ISim.
Time resolution is 1 ps
# onerror resume
# wave add /
# run 1000 ns
Simulator is doing circuit initialization process.
Finished circuit initialization process.
                  16@00003004: $ 1 <= 00000004
                  17@00003008: $ 2 <= 00000008
                  18@0000300c: $ 3 <= 0000000c
                  19@00003010: $ 4 <= 00000010
                  20@00003014: $ 5 <= 00000014
                  21@00003018: $ 6 <= 00000018
                  22@0000301c: $ 7 <= 0000001c
                  23@00003020: $ 8 <= 00000020
                  24@00003024: $ 9 <= 00000024
                  25@00003028: $10 <= 00000028
                  26@0000302c: $11 <= 0000002c
                  27@00003030: $12 <= 00000030
                  28@00003034: $13 <= 00000034
                  29@00003038: $14 <= 00000038
                  30@0000303c: $15 <= 0000003c
                  31@00003040: $16 <= 00000040
                  32@00003044: $17 <= 00000044
                  33@00003048: $18 <= 00000048
                  34@0000304c: $19 <= 0000004c
                  35@00003050: $20 <= 00000050
                  36@00003054: $21 <= 00000054
                  37@00003058: $22 <= 00000058
                  38@0000305c: $23 <= 0000005c
                  39@00003060: $24 <= 00000060
                  40@00003064: $25 <= 00000064
                  41@00003068: $26 <= 00000068
                  42@0000306c: $27 <= 0000006c
                  43@00003070: $28 <= 00000070
                  44@00003074: $29 <= 00000074
                  45@00003078: $30 <= 00000078
                  46@0000307c: $31 <= 0000007c
                  47@00003080: $ 2 <= 00000001
                  48@00003084: $30 <= 00001269
                  50@0000308c: $16 <= ffffffb6
                  51@00003090: $28 <= 0000746d
                  52@00003094: $29 <= 00000001
                  53@00003098: $18 <= 00000001
                  54@0000309c: $18 <= 0000341c
                  54@000030a0: *00001978 <= 0000341c
                  56@000030a4: $ 9 <= 00005e16
                  57@000030a8: $26 <= 00000e1c
                  58@000030ac: $ 5 <= 00000000
                  60@000030b0: $14 <= 00005e16
                  61@000030b4: $20 <= 00000000
                  62@000030b8: $14 <= 00000001
                  63@000030bc: $10 <= 00000001
                  64@000030c0: $ 3 <= 00000001
                  65@000030c4: $ 6 <= 000047af
                  66@000030c8: $ 3 <= 000017c0
                  67@000030cc: $ 6 <= 00000000
                  68@000030d0: $ 2 <= 00000000
                  69@000030d4: $ 3 <= 0008eadc
                  70@000030d8: $31 <= 000030e0
                  72@00003128: $30 <= 0008eadc
                  73@0000312c: $10 <= 00000688
                  73@00003130: *00001b30 <= 0000341c
                  75@00003134: $12 <= 00000000
                  76@00003138: $30 <= 00000001
                  77@0000313c: $ 2 <= 00000001
                  78@00003140: $21 <= 00006e1f
                  80@00003148: $30 <= 00000001
                  81@00003154: $31 <= 00000001
                  82@00003158: $13 <= 00000000
                  84@00003160: $16 <= 00000001
                  85@00003164: $13 <= 0000598f
                  87@0000316c: $18 <= 00000000
                  88@00003170: $27 <= 00000001
                  89@00003174: $29 <= 00000000
                  90@00003178: $16 <= 00000000
                  91@0000317c: $15 <= 00003bee
                  92@00003180: $ 6 <= 00000000
                  93@00003184: $ 6 <= 000002c8
                  93@00003188: *00000ce0 <= 00ee0000
                  95@0000318c: $22 <= 00000732
                  96@00003190: $ 6 <= 00000000
                  97@00003194: $19 <= ffff8880
                  98@00003198: $ 9 <= ffffc440
                  99@0000319c: $17 <= 00000001
                 100@000031a0: $19 <= 00000000
                 101@000031a4: $22 <= fffffffe
                 102@000031a8: $13 <= 00000001
                 103@000031ac: $19 <= 00003afe
                 105@000031b4: $11 <= 00004647
                 112@000031bc: $30 <= 00005c47
                 119@000031c4: $ 3 <= fffffffe
                 120@000031c8: $23 <= ffffffe2
                 121@000031cc: $30 <= 00005d1a
                 122@000031d0: $ 3 <= 000006c4
                 122@000031d4: *00000d6c <= 00005d1a
                 124@000031d8: $ 5 <= 00006628
                 126@000031e0: $19 <= 00000000
                 127@000031e4: $15 <= 00000001
                 128@000031e8: $31 <= 00004a92
                 128@000031ec: *000026f4 <= 00000020
                 130@000031f0: $17 <= 00000001
                 131@000031f4: $ 3 <= ffff8b92
                 132@000031f8: $30 <= 0000746c
                 133@000031fc: $17 <= 000001b0
                 134@00003200: $ 3 <= 00000000
                 136@00003204: $27 <= 0000746c
                 137@00003208: $27 <= 00000098
                 138@0000320c: $17 <= 00000000
                 139@00003210: $14 <= 00000000
                 140@00003214: $17 <= 00001260
                 140@00003218: *00000248 <= 00001260
                 142@0000321c: $14 <= 00002401
                 150@00003224: $ 6 <= 0003f01c
                 152@0000322c: $22 <= 00000000
                 153@0000324c: $14 <= 000018d8
                 154@00003250: $ 9 <= 00000000
                 155@00003254: $10 <= 00005ada
                 156@00003258: $ 9 <= 00004385
                 158@00003260: $21 <= ffffa525
                 159@00003264: $ 2 <= 00005ada
                 160@00003268: $ 2 <= 00001c52
                 161@0000326c: $21 <= 00000000
                 162@00003270: $26 <= 00000000
                 163@00003274: $11 <= 00000000
                 164@00003278: $17 <= 00000000
                 165@0000327c: $ 8 <= 00000000
                 166@00003280: $17 <= 0000414e
                 167@00003284: $ 8 <= 00000000
                 169@00003288: $16 <= 00000000
                 170@0000328c: $17 <= 00003a6e
                 171@00003290: $17 <= 00000000
                 172@00003294: $16 <= 11cee319
                 173@00003298: $ 4 <= 00000000
                 174@0000329c: $28 <= 11cee319
                 175@000032a0: $16 <= 00006191
                 177@000032a8: $19 <= 00001213
                 178@000032ac: $22 <= 00000000
                 189@000032b8: $30 <= 00000000
                 190@000032bc: $31 <= 000032c4
                 191@000032c0: $31 <= 00002a03
                 192@000032e4: $15 <= 00001136
                 193@000032e8: $29 <= 00000000
                 194@000032ec: $15 <= 00004f3d
                 195@000032f0: $ 5 <= 00000000
                 196@000032f4: $27 <= 0000750e
                 197@000032f8: $15 <= 0000292d
                 199@00003300: $18 <= 00005edd
                 212@0000330c: $15 <= 00003e42
                 218@00003348: $13 <= 000002e1
                 218@0000334c: *00000764 <= 00e10000
                 220@00003350: $13 <= 00004e86
                 221@00003354: $22 <= 00000000
                 222@00003358: $ 2 <= 00000001
                 225@00003360: $ 4 <= 00000000
                 226@00003368: $27 <= 00002759
                 228@00003370: $10 <= 000028c6
                 229@00003374: $27 <= 00000000
                 231@00003378: $29 <= 00000000
                 232@0000337c: $17 <= 00002969
                 233@00003380: $27 <= 00003428
                 234@00003384: $29 <= 00000000
                 235@00003388: $27 <= 00000cac
                 237@00003390: $ 6 <= 00000000
                 238@00003394: $21 <= 00000001
                 239@00003398: $11 <= 0d760000
                 240@0000339c: $ 8 <= 00000000
                 241@000033a0: $ 2 <= 001aec00
                 243@000033a8: $28 <= 0035d800
                 244@000033ac: $28 <= 00006440
                 246@000033b4: $19 <= 00000825
                 246@000033b8: *00001c24 <= 00008500
                 248@000033bc: $ 1 <= 00001028
                 250@000033c4: $ 6 <= 00000505
                 250@000033c8: *00000b0c <= 00690000
                 252@000033cc: $10 <= 00000040
                 253@000033d0: $31 <= fffffa9a
                 254@000033d4: $12 <= 00000165
                 255@000033d8: $31 <= 00003f7e
                 257@000033e0: $ 5 <= 00000000
                 259@000033e8: $ 6 <= 00000001
                 260@000033ec: $31 <= 00000001
                 262@000033f4: $26 <= 00000000
                 270@000034b8: $31 <= 000002c3
                 271@000034c4: $ 5 <= 00000064
                 272@000034c8: $22 <= 000052b2
                 274@000034d0: $11 <= 00001651
                 275@000034d4: $ 1 <= 00000000
                 276@000034d8: $11 <= 00000880
                 276@000034dc: *0000197c <= 00000000
                 278@000034e0: $10 <= 00000880
                 280@000034e8: $18 <= 000020da
                 281@000034ec: $31 <= 000034f4
                 282@000034f0: $ 2 <= 00000000
                 285@00003530: $ 9 <= 00004630
                 288@000035f4: $31 <= 000002c3
                 289@00003600: $ 5 <= 00000064
                 290@00003604: $22 <= 000052b2
                 292@0000360c: $11 <= 00001651
                 293@00003610: $ 1 <= 00000000
                 294@00003614: $11 <= 00000880
                 294@00003618: *0000197c <= 00000000
                 296@0000361c: $10 <= 00000880
                 298@00003624: $18 <= 000020da
                 299@00003628: $31 <= 00003630
                 300@0000362c: $ 2 <= 00000000
                 303@0000366c: $ 9 <= 00004630
                 306@00003730: $31 <= 000002c3
                 307@0000373c: $ 5 <= 00000064
                 308@00003740: $22 <= 000052b2
                 310@00003748: $11 <= 00001651
                 311@0000374c: $ 1 <= 00000000
                 312@00003750: $11 <= 00000880
                 312@00003754: *0000197c <= 00000000
                 314@00003758: $10 <= 00000880
                 316@00003760: $18 <= 000020da
                 317@00003764: $31 <= 0000376c
                 318@00003768: $ 2 <= 00000000
                 321@000037a8: $ 9 <= 00004630
                 324@0000386c: $31 <= 000002c3
                 325@00003878: $ 5 <= 00000064
                 326@0000387c: $22 <= 000052b2
                 328@00003884: $11 <= 00001651
                 329@00003888: $ 1 <= 00000000
                 330@0000388c: $11 <= 00000880
                 330@00003890: *0000197c <= 00000000
                 332@00003894: $10 <= 00000880
                 334@0000389c: $18 <= 000020da
                 335@000038a0: $31 <= 000038a8
                 336@000038a4: $ 2 <= 00000000
                 339@000038e4: $ 9 <= 00004630
                 342@000039a8: $31 <= 000002c3
                 343@000039b4: $ 5 <= 00000064
                 344@000039b8: $22 <= 000052b2
                 346@000039c0: $11 <= 00001651
                 347@000039c4: $ 1 <= 00000000
                 348@000039c8: $11 <= 00000880
                 348@000039cc: *0000197c <= 00000000
                 350@000039d0: $10 <= 00000880
                 352@000039d8: $18 <= 000020da
                 353@000039dc: $31 <= 000039e4
                 354@000039e0: $ 2 <= 00000000
                 357@00003a20: $ 9 <= 00004630
                 360@00003ae4: $31 <= 000002c3
                 361@00003af0: $ 5 <= 00000064
                 362@00003af4: $22 <= 000052b2
                 364@00003afc: $11 <= 00001651
                 365@00003b00: $ 1 <= 00000000
                 366@00003b04: $11 <= 00000880
                 366@00003b08: *0000197c <= 00000000
                 368@00003b0c: $10 <= 00000880
                 370@00003b14: $18 <= 000020da
                 371@00003b18: $31 <= 00003b20
                 372@00003b1c: $ 2 <= 00000000
                 375@00003b5c: $ 9 <= 00004630
                 378@00003c20: $31 <= 000002c3
                 379@00003c2c: $ 5 <= 00000064
                 380@00003c30: $22 <= 000052b2
                 382@00003c38: $11 <= 00001651
                 383@00003c3c: $ 1 <= 00000000
                 384@00003c40: $11 <= 00000880
                 384@00003c44: *0000197c <= 00000000
                 386@00003c48: $10 <= 00000880
                 388@00003c50: $18 <= 000020da
                 389@00003c54: $31 <= 00003c5c
                 390@00003c58: $ 2 <= 00000000
                 393@00003c98: $ 9 <= 00004630
                 396@00003d5c: $31 <= 000002c3
                 397@00003d68: $ 5 <= 00000064
                 398@00003d6c: $22 <= 000052b2
                 400@00003d74: $11 <= 00001651
                 401@00003d78: $ 1 <= 00000000
                 402@00003d7c: $11 <= 00000880
                 402@00003d80: *0000197c <= 00000000
                 404@00003d84: $10 <= 00000880
                 406@00003d8c: $18 <= 000020da
                 407@00003d90: $31 <= 00003d98
                 408@00003d94: $ 2 <= 00000000
                 411@00003dd4: $ 9 <= 00004630
                 414@00003e98: $31 <= 000002c3
                 415@00003ea4: $ 5 <= 00000064
                 416@00003ea8: $22 <= 000052b2
                 418@00003eb0: $11 <= 00001651
                 419@00003eb4: $ 1 <= 00000000
                 420@00003eb8: $11 <= 00000880
                 420@00003ebc: *0000197c <= 00000000
                 422@00003ec0: $10 <= 00000880
                 424@00003ec8: $18 <= 000020da
                 425@00003ecc: $31 <= 00003ed4
                 426@00003ed0: $ 2 <= 00000000
                 429@00003f10: $ 9 <= 00004630
                 432@00003fd4: $31 <= 000002c3
                 433@00003fe0: $ 5 <= 00000064
                 434@00003fe4: $22 <= 000052b2
                 436@00003fec: $11 <= 00001651
                 437@00003ff0: $ 1 <= 00000000
                 438@00003ff4: $11 <= 00000880
                 438@00003ff8: *0000197c <= 00000000
                 440@00003ffc: $10 <= 00000880
                 442@00004004: $18 <= 000020da
                 443@00004008: $31 <= 00004010
                 444@0000400c: $ 2 <= 00000000
                 447@0000404c: $ 9 <= 00004630
                 450@00004110: $31 <= 000002c3
                 451@0000411c: $ 5 <= 00000064
                 452@00004120: $22 <= 000052b2
                 454@00004128: $11 <= 00001651
                 455@0000412c: $ 1 <= 00000000
                 456@00004130: $11 <= 00000880
                 456@00004134: *0000197c <= 00000000
                 458@00004138: $10 <= 00000880
                 460@00004140: $18 <= 000020da
                 461@00004144: $31 <= 0000414c
                 462@00004148: $ 2 <= 00000000
                 463@00004184: $31 <= 00000000
                 464@00004188: $28 <= 00007925
                 466@00004190: $29 <= 00000000
                 467@00004194: $27 <= 00007925
                 468@00004198: $29 <= 00000000
                 469@0000419c: $13 <= 00000000
                 470@000041a0: $ 3 <= 00000000
                 471@000041a4: $10 <= 00000001
                 472@000041a8: $13 <= 00000477
                 474@000041b0: $26 <= ffffffff
                 475@000041b4: $26 <= 0000314c
                 476@000041b8: $26 <= 00000000
                 477@000041bc: $26 <= 0000266c
                 478@000041c0: $26 <= 00000000
                 480@000041c4: $21 <= ffffffff
                 481@000041c8: $21 <= 00005a49
                 483@000041d0: $21 <= 00002950
                 490@000041d8: $ 8 <= 000069b6
                 491@000041dc: $30 <= 73e60000
                 492@000041e0: $18 <= 00004630
                 493@000041e4: $17 <= 00000002
                 494@000041e8: $10 <= 00000002
                 495@000041ec: $18 <= 000001ba
                 496@000041f0: $10 <= 00000000
                 497@000041f4: $10 <= 00005036
                 497@000041f8: *000029d4 <= 00005036
                 499@000041fc: $30 <= 000056ce
                 500@00004200: $30 <= 00000011
                 501@00004204: $18 <= 00004630
                 502@00004208: $17 <= 00000002
                 503@0000420c: $10 <= 00000002
                 504@00004210: $18 <= 000001ba
                 505@00004214: $10 <= 00000000
                 506@00004218: $10 <= 00005036
                 506@0000421c: *000029d4 <= 00005036
                 508@00004220: $30 <= 000056ce
                 509@00004224: $30 <= 00000011
                 510@00004228: $18 <= 00004630
                 511@0000422c: $17 <= 00000002
                 512@00004230: $10 <= 00000002
                 513@00004234: $18 <= 000001ba
                 514@00004238: $10 <= 00000000
                 515@0000423c: $10 <= 00005036
                 515@00004240: *000029d4 <= 00005036
                 517@00004244: $30 <= 000056ce
                 518@00004248: $30 <= 00000011
                 519@0000424c: $18 <= 00004630
                 520@00004250: $17 <= 00000002
                 521@00004254: $10 <= 00000002
                 522@00004258: $18 <= 000001ba
                 523@0000425c: $10 <= 00000000
                 524@00004260: $10 <= 00005036
                 524@00004264: *000029d4 <= 00005036
                 526@00004268: $30 <= 000056ce
                 527@0000426c: $30 <= 00000011
                 528@00004270: $18 <= 00004630
                 529@00004274: $17 <= 00000002
                 530@00004278: $10 <= 00000002
                 531@0000427c: $18 <= 000001ba
                 532@00004280: $10 <= 00000000
                 533@00004284: $10 <= 00005036
                 533@00004288: *000029d4 <= 00005036
                 535@0000428c: $30 <= 000056ce
                 536@00004290: $30 <= 00000011
                 537@00004294: $18 <= 00004630
                 538@00004298: $17 <= 00000002
                 539@0000429c: $10 <= 00000002
                 540@000042a0: $18 <= 000001ba
                 541@000042a4: $10 <= 00000000
                 542@000042a8: $10 <= 00005036
                 542@000042ac: *000029d4 <= 00005036
                 544@000042b0: $30 <= 000056ce
                 545@000042b4: $30 <= 00000011
                 546@000042b8: $18 <= 00004630
                 547@000042bc: $17 <= 00000002
                 548@000042c0: $10 <= 00000002
                 549@000042c4: $18 <= 000001ba
                 550@000042c8: $10 <= 00000000
                 551@000042cc: $10 <= 00005036
                 551@000042d0: *000029d4 <= 00005036
                 553@000042d4: $30 <= 000056ce
