ISim log file
Running: D:\VHDLfile\P5CPU\assembly_line_CPU\mipstest_isim_beh.exe -intstyle ise -gui -tclbatch isim.cmd -wdb D:/VHDLfile/P5CPU/assembly_line_CPU/mipstest_isim_beh.wdb 
ISim P.20131013 (signature 0x7708f090)
This is a Full version of ISim.
Time resolution is 1 ps
# onerror resume
# wave add /
# run 1000 ns
Simulator is doing circuit initialization process.
Finished circuit initialization process.
                   6@00003000: $ 1 <= 00000001
                  11@00003014: $ 2 <= 00000002
                  12@00003018: $ 2 <= 00000003
                  13@0000301c: $ 2 <= 00000002
                  14@00003020: $ 2 <= ffffffff
                  15@00003024: $ 2 <= 00000000
                  20@00003038: $ 1 <= 00000000
                  21@0000303c: $ 2 <= 00000000
                  24@00003048: $ 1 <= 00000001
                  29@0000305c: $ 2 <= 00000002
                  31@00003064: $ 2 <= 00000003
                  33@0000306c: $ 2 <= 00000002
                  35@00003074: $ 2 <= ffffffff
                  37@0000307c: $ 2 <= 00000000
                  42@00003090: $ 1 <= 00000000
                  43@00003094: $ 2 <= 00000000
                  47@000030a4: $ 1 <= 00000001
                  52@000030b8: $ 2 <= 00000002
                  55@000030c4: $ 2 <= 00000003
                  58@000030d0: $ 2 <= 00000002
                  61@000030dc: $ 2 <= ffffffff
                  64@000030e8: $ 2 <= 00000000
                  69@000030fc: $ 1 <= 0000007b
                  70@00003100: $ 2 <= 000000f6
                  71@00003104: $ 3 <= 00000000
                  76@00003118: $ 1 <= 0000017b
                  77@0000311c: $ 2 <= 00000000
                  78@00003120: $ 3 <= 000002f6
                  82@00003130: $ 1 <= 000011fb
                  84@00003138: $ 2 <= 000023f6
                  85@0000313c: $ 3 <= 00000000
                  90@00003150: $ 1 <= 0000d3ff
                  92@00003158: $ 2 <= 00000000
                  93@0000315c: $ 3 <= 0001a7fe
                  98@00003170: $ 1 <= 007b0000
                  99@00003174: $ 2 <= 00f60000
                 100@00003178: $ 3 <= 007b0000
                 105@0000318c: $ 1 <= 00df0000
                 106@00003190: $ 3 <= 00170000
                 107@00003194: $ 2 <= 01be0000
                 112@000031a8: $ 1 <= 01410000
                 114@000031b0: $ 2 <= 02ff0000
                 115@000031b4: $ 3 <= 00000000
                 120@000031c8: $ 1 <= 01b00000
                 122@000031d0: $ 3 <= 00000000
                 123@000031d4: $ 2 <= 01b00000
                 127@000031e4: $31 <= 000031ec
                 128@000031e8: $ 2 <= 01b031ec
                 129@000031ec: $ 1 <= fe5031ec
                 130@000031f0: $31 <= 000031f8
                 131@000031f4: $ 1 <= 01b0000c
                 132@000031f8: $ 2 <= 01b03204
                 133@000031fc: $31 <= 00003204
                 135@00003204: $ 2 <= 01b03210
                 136@00003208: $ 1 <= fe5031f8
                 137@0000320c: $ 2 <= fe5031fb
                 138@00003210: $ 3 <= fe5031f8
                 139@00003214: $ 4 <= fe5033ff
                 140@00003218: $31 <= 00003220
                 142@00003220: $ 1 <= 01b00028
                 143@00003224: $ 2 <= 01b03248
                 144@00003228: $ 3 <= 01b0327b
                 145@0000322c: $ 4 <= 01b032ea
                 146@00003230: $ 5 <= 01b03359
                 147@00003234: $ 1 <= 01b03379
                 148@00003238: $ 2 <= 01b0bb79
                 149@0000323c: $ 3 <= 01b03359
                 150@00003240: $ 4 <= 01b033dd
                 151@00003244: $ 1 <= 000c0000
                 152@00003248: $ 2 <= 000c007b
                 153@0000324c: $ 2 <= 000c0079
                 154@00003250: $ 2 <= 000c007a
                 155@00003254: $ 2 <= 000c008f
                 156@00003258: $31 <= 00003260
                 157@0000325c: $ 1 <= 0000327b
                 158@00003260: $ 1 <= 0000327c
                 159@00003264: $ 1 <= 0000327d
                 160@00003268: $ 1 <= 0000327e
                 164@00003278: $ 2 <= 000064de
                 168@00003284: $ 3 <= 000064de
                 172@00003294: $ 4 <= 000064de
                 177@000032a8: $ 2 <= 0000001e
                 181@000032b4: $ 3 <= 0000001e
                 185@000032c4: $ 4 <= 0000001e
                 190@000032d8: $ 1 <= 0000301e
                 193@000032e0: $ 2 <= 0000301e
                 196@000032ec: $ 3 <= 0000301e
                 200@000032fc: $ 4 <= 0000b87f
                 207@00003318: $ 1 <= 30180000
                 210@00003320: $ 2 <= 30180000
                 213@0000332c: $ 3 <= 30180000
                 217@0000333c: $ 4 <= a8710000
                 224@00003358: $31 <= 00003360
                 228@00003368: $31 <= 00003370
                 233@0000337c: $31 <= 00003384
                 239@00003394: $ 2 <= 00000010
                 240@00003398: $ 1 <= 00006708
                 240@0000339c: *00000000 <= 00006708
                 241@000033a0: *00000004 <= 00006708
                 242@000033a4: *00000008 <= 00006708
                 243@000033a8: *0000000c <= 00006708
                 245@000033ac: $ 1 <= 00003384
                 245@000033b0: *00000000 <= 00003384
                 246@000033b4: *00000004 <= 00003384
                 247@000033b8: *00000008 <= 00003384
                 248@000033bc: *0000000c <= 00003384
                 250@000033c0: $ 1 <= 000037cc
                 250@000033c4: *00000000 <= 000037cc
                 251@000033c8: *00000004 <= 000037cc
                 252@000033cc: *00000008 <= 000037cc
                 253@000033d0: *0000000c <= 000037cc
                 255@000033d4: $ 1 <= 000c0000
                 255@000033d8: *00000000 <= 000c0000
                 256@000033dc: *00000004 <= 000c0000
                 257@000033e0: *00000008 <= 000c0000
                 258@000033e4: *0000000c <= 000c0000
                 260@000033e8: $31 <= 000033f0
                 260@000033ec: *00000000 <= 000033f0
                 261@000033f0: *00000004 <= 000033f0
                 262@000033f4: *00000008 <= 000033f0
                 263@000033f8: *0000000c <= 000033f0
                 265@000033fc: $ 1 <= 00000004
                 266@00003400: $31 <= 00003408
                 267@00003404: $31 <= 0000340c
                 273@0000341c: $31 <= 00003424
                 274@00003420: $31 <= 00003428
                 280@0000343c: $31 <= 00003444
                 281@00003440: $31 <= 00003448
                 290@00003468: $ 1 <= 00000004
                 291@0000346c: $31 <= 00003474
                 292@00003470: $31 <= 00003478
                 293@0000347c: $31 <= 00003474
                 299@00003488: $31 <= 00003490
                 300@0000348c: $31 <= 00003494
                 301@00003498: $31 <= 00003490
                 307@000034a8: $31 <= 000034b0
                 308@000034ac: $31 <= 000034b4
                 309@000034b8: $31 <= 000034b0
                 317@000034d0: $ 9 <= 00003000
                 318@000034d4: $31 <= 000034dc
                 319@000034d8: $31 <= 000004dc
                 320@000034e4: $31 <= 000034dc
                 326@000034f0: $31 <= 000034f8
                 327@000034f4: $31 <= 000004f8
                 328@00003500: $31 <= 000034f8
                 334@00003510: $31 <= 00003518
                 335@00003514: $31 <= 00000518
                 336@00003520: $31 <= 00003518
                 343@00003534: $31 <= 0000353c
                 349@0000354c: $31 <= 00003554
                 356@00003568: $31 <= 00003570
                 366@0000358c: $ 1 <= 00000000
                 367@00003590: $ 1 <= 000033f0
                 369@00003594: $ 2 <= 000067e0
                 370@00003598: $ 3 <= 00009bd0
                 371@0000359c: $ 4 <= 0000cfc0
                 372@000035a0: $ 5 <= 000103b0
                 373@000035a4: $ 1 <= 00000000
                 378@000035b8: $ 1 <= 000033f0
                 380@000035bc: $ 2 <= 00000000
                 381@000035c0: $ 3 <= ffffcc10
                 382@000035c4: $ 4 <= ffff9820
                 383@000035c8: $ 5 <= ffff6430
                 384@000035cc: $ 2 <= 000033f0
                 386@000035d0: $ 1 <= 000033fb
                 387@000035d4: $ 1 <= 000033f1
                 388@000035d8: $ 1 <= 000033f5
                 389@000035dc: $ 1 <= 000037f2
                 390@000035e0: $ 3 <= 000033f0
                 402@00003608: $ 4 <= 000033f0
                 402@0000360c: *00002000 <= 000033f0
                 403@00003610: *00002004 <= 000033f0
                 404@00003614: *00002008 <= 000033f0
                 405@00003618: *0000200c <= 000033f0
                 407@0000361c: $ 9 <= 00003000
                 408@00003620: $ 4 <= 000003f0
                 408@00003624: *000003f0 <= 000003f0
                 410@00003628: $31 <= 00003630
                 410@0000362c: *00000000 <= 00003630
                 412@00003644: $ 1 <= 00003630
                 417@00003630: $31 <= 00003638
                 417@00003634: *00000000 <= 00003638
                 419@00003650: $ 1 <= 00003638
                 424@00003638: $31 <= 00003640
                 424@0000363c: *00000000 <= 00003640
                 426@00003660: $ 1 <= 00003640
                 432@00003644: $ 1 <= 00003640
                 434@00003674: $ 2 <= 00000004
                 435@00003678: $ 1 <= 00000004
                 436@0000367c: $ 3 <= 000033f0
                 437@00003680: $ 3 <= 000033f0
                 438@00003684: $ 3 <= 000033f0
                 439@00003688: $ 3 <= 00003640
                 440@0000368c: $ 3 <= 00000000
                 441@00003690: $ 4 <= 00003640
                 442@00003694: $ 4 <= 000033f0
                 443@00003698: $ 4 <= 000033f0
                 444@0000369c: $ 4 <= 000033f0
                 445@000036a0: $ 3 <= 00000008
                 446@000036a4: $ 2 <= 00003640
                 447@000036a8: $ 2 <= 000033f0
                 448@000036ac: $ 2 <= 000033f0
                 449@000036b0: $ 2 <= 000033f0
                 449@000036b4: *00000000 <= 00000008
                 451@000036b8: $ 1 <= 00000008
                 453@000036bc: $ 2 <= 000033f0
                 454@000036c0: $ 2 <= 000033f0
                 455@000036c4: $ 2 <= 000033f0
                 456@000036c8: $ 2 <= 00000008
                 457@000036cc: $ 2 <= 0000007b
                 458@000036d0: $ 2 <= 00000000
                 459@000036d4: $ 3 <= 00000008
                 460@000036d8: $ 3 <= 000033f0
                 461@000036dc: $ 3 <= 000033f0
                 462@000036e0: $ 3 <= 000033f0
                 463@000036e4: $31 <= 000036ec
                 464@000036e8: $ 4 <= 00000000
                 465@000036ec: $ 4 <= 00000000
                 466@000036f0: $ 4 <= 00000000
                 467@000036f4: $ 4 <= 00000000
                 468@000036f8: *00000000 <= 00000008
