ISim log file
Running: D:\VHDLfile\P4CPU\mips_test_isim_beh.exe -intstyle ise -gui -tclbatch isim.cmd -wdb D:/VHDLfile/P4CPU/mips_test_isim_beh.wdb 
ISim P.20131013 (signature 0x7708f090)
This is a Full version of ISim.
Time resolution is 1 ps
# onerror resume
# wave add /
# run 1000 ns
Simulator is doing circuit initialization process.
Finished circuit initialization process.
@00003004: $ 1 <= 00000004
@00003008: $ 2 <= 00000008
@0000300c: $ 3 <= 0000000c
@00003010: $ 4 <= 00000010
@00003014: $ 5 <= 00000014
@00003018: $ 6 <= 00000018
@0000301c: $ 7 <= 0000001c
@00003020: $ 8 <= 00000020
@00003024: $ 9 <= 00000024
@00003028: $10 <= 00000028
@0000302c: $11 <= 0000002c
@00003030: $12 <= 00000030
@00003034: $13 <= 00000034
@00003038: $14 <= 00000038
@0000303c: $15 <= 0000003c
@00003040: $16 <= 00000040
@00003044: $17 <= 00000044
@00003048: $18 <= 00000048
@0000304c: $19 <= 0000004c
@00003050: $20 <= 00000050
@00003054: $21 <= 00000054
@00003058: $22 <= 00000058
@0000305c: $23 <= 0000005c
@00003060: $24 <= 00000060
@00003064: $25 <= 00000064
@00003068: $26 <= 00000068
@0000306c: $27 <= 0000006c
@00003070: $28 <= 00000070
@00003074: $29 <= 00000074
@00003078: $30 <= 00000078
@0000307c: $31 <= 0000007c
@00003080: $17 <= 00000004
@00003084: $ 7 <= 00000084
@00003088: $14 <= 0000002c
@0000308c: $15 <= 97000000
@00003090: $12 <= 000053bc
@00003234: $ 3 <= 0000489d
@0000323c: $ 7 <= 97000070
@00003240: $24 <= 9700001c
@00003244: $ 9 <= 0000008c
@00003248: $16 <= 0000002c
@0000324c: $23 <= 00000128
@00003250: $ 3 <= 00000000
@00003254: $10 <= 0000f139
@00003258: $22 <= 00000074
@0000325c: *0000002c <= 0000004c
@00003260: $ 1 <= 00000068
@00003264: $31 <= 00003268
@00003268: $ 3 <= 000000a8
@0000326c: $14 <= 0000004c
@00003270: $ 1 <= fffffff0
@00003274: $ 9 <= 00009fdd
@00003278: $ 3 <= 4e950000
@0000327c: $28 <= ffffffd0
@00003280: $21 <= ffffffbc
@00003284: $28 <= 3ec40000
@000032c0: $23 <= d5c40000
@000032c4: $ 3 <= 8f550000
@000032c8: $ 9 <= 00000028
@000032cc: $19 <= 00000034
@000032d0: $23 <= 00000000
@000032d4: $26 <= 3ec40008
@000032d8: $ 5 <= 00006f9d
@000032dc: $ 7 <= 00000000
@000032e0: $30 <= 000000d0
@000032e4: $28 <= 00000000
@000032e8: $14 <= 0000002c
@000032ec: $ 2 <= 00000000
@000032f0: $17 <= 00000060
@000032f4: $24 <= 9700059d
@000032f8: $20 <= 00000000
@000032fc: $ 8 <= ffffff9c
@00003300: $ 9 <= 0000f181
@00003308: $13 <= 70ab00d0
@0000330c: $ 2 <= 8f5500d0
@00003310: $ 4 <= 00000064
@00003314: $ 2 <= 0000010c
@00003318: *00000100 <= 000000d0
@0000331c: $ 2 <= 000032b0
@00003320: $24 <= 00000140
@00003324: *000000d0 <= 00000140
@00003328: $27 <= ffff0e7f
@0000332c: $18 <= 000000d8
@00003330: $12 <= 000000ac
@00003334: *00000064 <= 0000002c
