ISim log file
Running: D:\VHDLfile\P7CPU\Generaltb_isim_beh.exe -intstyle ise -gui -tclbatch isim.cmd -wdb D:/VHDLfile/P7CPU/Generaltb_isim_beh.wdb 
ISim P.20131013 (signature 0x7708f090)
This is a Full version of ISim.
Time resolution is 1 ps
# onerror resume
# wave add /
# run 1000 ns
Simulator is doing circuit initialization process.
Finished circuit initialization process.
                  38@00003000: $25 <= 00001001
                  46@00003008: $ 8 <= abcd0000
                  50@0000300c: $ 9 <= 7fff0000
                  54@00003010: $10 <= 7fff0000
                  74@00004180: $26 <= 00003014
                  78@00004184: $27 <= 00000000
                  82@00004188: $27 <= 00001003
                  86@0000418c: $22 <= 00006fff
                  90@00004190: $21 <= 00003000
                  94@00004194: $ 1 <= 00000000
                 106@0000419c: $ 1 <= 00000000
                 118@000041a4: $27 <= 00000000
                 150@00004180: $26 <= 00003014
                 154@00004184: $27 <= 00000000
                 158@00004188: $27 <= 00001003
                 162@0000418c: $22 <= 00006fff
                 166@00004190: $21 <= 00003000
                 170@00004194: $ 1 <= 00000000
                 182@0000419c: $ 1 <= 00000000
                 194@000041a4: $27 <= 00000000
                 226@00004180: $26 <= 00003014
                 230@00004184: $27 <= 00000000
                 234@00004188: $27 <= 00001003
                 238@0000418c: $22 <= 00006fff
                 242@00004190: $21 <= 00003000
                 246@00004194: $ 1 <= 00000000
                 258@0000419c: $ 1 <= 00000000
                 270@000041a4: $27 <= 00000000
                 302@00004180: $26 <= 00003014
                 306@00004184: $27 <= 00000000
                 310@00004188: $27 <= 00001003
                 314@0000418c: $22 <= 00006fff
                 318@00004190: $21 <= 00003000
                 322@00004194: $ 1 <= 00000000
                 334@0000419c: $ 1 <= 00000000
                 346@000041a4: $27 <= 00000000
                 378@00004180: $26 <= 00003014
                 382@00004184: $27 <= 00000000
                 386@00004188: $27 <= 00001003
                 390@0000418c: $22 <= 00006fff
                 394@00004190: $21 <= 00003000
                 398@00004194: $ 1 <= 00000000
                 410@0000419c: $ 1 <= 00000000
                 422@000041a4: $27 <= 00000000
                 454@00004180: $26 <= 00003014
                 458@00004184: $27 <= 00000000
                 462@00004188: $27 <= 00001003
                 466@0000418c: $22 <= 00006fff
                 470@00004190: $21 <= 00003000
                 474@00004194: $ 1 <= 00000000
                 486@0000419c: $ 1 <= 00000000
                 498@000041a4: $27 <= 00000000
                 530@00004180: $26 <= 00003014
                 534@00004184: $27 <= 00000000
                 538@00004188: $27 <= 00001003
                 542@0000418c: $22 <= 00006fff
                 546@00004190: $21 <= 00003000
                 550@00004194: $ 1 <= 00000000
                 562@0000419c: $ 1 <= 00000000
                 574@000041a4: $27 <= 00000000
                 606@00004180: $26 <= 00003014
                 610@00004184: $27 <= 00000000
                 614@00004188: $27 <= 00001003
                 618@0000418c: $22 <= 00006fff
                 622@00004190: $21 <= 00003000
                 626@00004194: $ 1 <= 00000000
                 638@0000419c: $ 1 <= 00000000
                 650@000041a4: $27 <= 00000000
                 682@00004180: $26 <= 00003014
                 686@00004184: $27 <= 00000000
                 690@00004188: $27 <= 00001003
                 694@0000418c: $22 <= 00006fff
                 698@00004190: $21 <= 00003000
                 702@00004194: $ 1 <= 00000000
                 714@0000419c: $ 1 <= 00000000
                 726@000041a4: $27 <= 00000000
                 758@00004180: $26 <= 00003014
                 762@00004184: $27 <= 00000000
                 766@00004188: $27 <= 00001003
                 770@0000418c: $22 <= 00006fff
                 774@00004190: $21 <= 00003000
                 778@00004194: $ 1 <= 00000000
                 790@0000419c: $ 1 <= 00000000
                 802@000041a4: $27 <= 00000000
                 834@00004180: $26 <= 00003014
                 838@00004184: $27 <= 00000000
                 842@00004188: $27 <= 00001003
                 846@0000418c: $22 <= 00006fff
                 850@00004190: $21 <= 00003000
                 854@00004194: $ 1 <= 00000000
                 866@0000419c: $ 1 <= 00000000
                 878@000041a4: $27 <= 00000000
                 910@00004180: $26 <= 00003014
                 914@00004184: $27 <= 00000000
                 918@00004188: $27 <= 00001003
                 922@0000418c: $22 <= 00006fff
                 926@00004190: $21 <= 00003000
                 930@00004194: $ 1 <= 00000000
                 942@0000419c: $ 1 <= 00000000
                 954@000041a4: $27 <= 00000000
                 986@00004180: $26 <= 00003014
                 990@00004184: $27 <= 00000000
                 994@00004188: $27 <= 00001003
                 998@0000418c: $22 <= 00006fff
